<?xml version="1.0" encoding="UTF-8"?>
<testsuite xmlns:xsi="http://www.w3.org/2001/XMLSchema-instance" xsi:noNamespaceSchemaLocation="https://maven.apache.org/surefire/maven-surefire-plugin/xsd/surefire-test-report.xsd" name="com.testautomation.mesaj.SerenityBddTest" time="13.009" tests="4" errors="0" skipped="0" failures="1">
  <properties>
[...]
</properties>
  <testcase name="registerUserTest" classname="com.testautomation.mesaj.SerenityBddTest" time="6.627"/>
  <testcase name="factTest" classname="com.testautomation.mesaj.SerenityBddTest" time="0.764"/>
  <testcase name="initialTest" classname="com.testautomation.mesaj.SerenityBddTest" time="0.21">
    <failure message="&#10;Expected: &quot;avatar&quot;&#10;     but: was &quot;https://s3.amazonaws.com/uifaces/faces/twitter/calebogden/128.jpg&quot;" type="java.lang.AssertionError">java.lang.AssertionError: 

Expected: "avatar"
     but: was "https://s3.amazonaws.com/uifaces/faces/twitter/calebogden/128.jpg"
	at com.testautomation.mesaj.SerenityBddTest.initialTest(SerenityBddTest.java:47)
</failure>
    <system-err><![CDATA[[main] INFO net.thucydides.core.steps.ConsoleLoggingListener - 
        __    _____ _____ ____ _____   ____   _    ____  ____  _____ ____  
  _     \ \  |_   _| ____/ ___|_   _| |  _ \ / \  / ___|/ ___|| ____|  _ \ 
 (_)_____| |   | | |  _| \___ \ | |   | |_) / _ \ \___ \\___ \|  _| | | | |
  _|_____| |   | | | |___ ___) || |   |  __/ ___ \ ___) |___) | |___| |_| |
 (_)     | |   |_| |_____|____/ |_|   |_| /_/   \_\____/|____/|_____|____/ 
        /_/                                                                

TEST PASSED: Fact test
----------------------------------------------------------------------------
[main] INFO net.thucydides.core.steps.ConsoleLoggingListener - 
 _____ _____ ____ _____   ____ _____  _    ____ _____ _____ ____  
|_   _| ____/ ___|_   _| / ___|_   _|/ \  |  _ \_   _| ____|  _ \ 
  | | |  _| \___ \ | |   \___ \ | | / _ \ | |_) || | |  _| | | | |
  | | | |___ ___) || |    ___) || |/ ___ \|  _ < | | | |___| |_| |
  |_| |_____|____/ |_|   |____/ |_/_/   \_\_| \_\|_| |_____|____/ 
                                                                  

TEST STARTED: initialTest
-------------------------------------------------------------------
[main] INFO net.serenitybdd.core.Serenity - TEST NUMBER: 3
]]></system-err>
  </testcase>
  <testcase name="registerUserTest2" classname="com.testautomation.mesaj.SerenityBddTest" time="0.12"/>
</testsuite>